<?xml version="1.0" encoding="UTF-8"?>
<!-- Generated by org.testng.reporters.JUnitXMLReporter -->
<testsuite hostname="ip-172-31-68-124" ignored="1" name="Test" tests="3" failures="0" timestamp="2021-06-19T04:59:04 UTC" time="0.079" errors="0">
  <testcase name="HomePage" time="0.021" classname="test.Testcase2"/>
  <testcase name="LoginTest" time="0.005" classname="test.Testcase1"/>
  <testcase name="CheckoutPage" time="0.001" classname="Test1.Testcase3"/>
  <testcase name="SignUp" time="0.0" classname="test.Testcase1">
    <ignored/>
  </testcase> <!-- SignUp -->
</testsuite> <!-- Test -->
