<?xml version="1.0" encoding="UTF-8"?>
<!-- Generated by org.testng.reporters.JUnitXMLReporter -->
<testsuite hostname="ip-172-31-68-124" ignored="0" name="Application1 Test" tests="1" failures="0" timestamp="2021-06-20T06:19:18 UTC" time="7.13" errors="0">
  <testcase name="@AfterMethod teardown" time="0.39" classname="test.SignInTest">
    <failure type="java.lang.AssertionError" message="The following asserts failed:
	expected [The email or password you have entered is invalid] but found [The email or password you have entered is invalid.]">
      <![CDATA[java.lang.AssertionError: The following asserts failed:
expected [The email or password you have entered is invalid] but found [The email or password you have entered is invalid.]
at test.SignInTest.teardown(SignInTest.java:120)
at java.util.ArrayList.forEach(ArrayList.java:1259)
... Removed 34 stack frames]]>
    </failure>
  </testcase> <!-- @AfterMethod teardown -->
  <testcase name="Login" time="3.993" classname="test.SignInTest"/>
</testsuite> <!-- Application1 Test -->
